2020/01/16 04:35:20 [error] [exception.CDbException] CDbException: CDbConnection failed to open the DB connection: SQLSTATE[HY000] [1049] Unknown database 'bbhos' in /Users/puwanaisangphon/Sites/framework/db/CDbConnection.php:399
Stack trace:
#0 /Users/puwanaisangphon/Sites/framework/db/CDbConnection.php(347): CDbConnection->open()
#1 /Users/puwanaisangphon/Sites/framework/db/CDbConnection.php(325): CDbConnection->setActive(true)
#2 /Users/puwanaisangphon/Sites/framework/base/CModule.php(394): CDbConnection->init()
#3 /Users/puwanaisangphon/Sites/framework/base/CModule.php(103): CModule->getComponent('db')
#4 /Users/puwanaisangphon/Sites/framework/gii/generators/model/ModelCode.php(60): CModule->__get('db')
#5 /Users/puwanaisangphon/Sites/framework/web/CFormModel.php(39): ModelCode->init()
#6 /Users/puwanaisangphon/Sites/framework/gii/CCodeGenerator.php(153): CFormModel->__construct()
#7 /Users/puwanaisangphon/Sites/framework/gii/CCodeGenerator.php(63): CCodeGenerator->prepare()
#8 /Users/puwanaisangphon/Sites/framework/web/actions/CInlineAction.php(49): CCodeGenerator->actionIndex()
#9 /Users/puwanaisangphon/Sites/framework/web/CController.php(308): CInlineAction->runWithParams(Array)
#10 /Users/puwanaisangphon/Sites/framework/web/CController.php(286): CController->runAction(Object(CInlineAction))
#11 /Users/puwanaisangphon/Sites/framework/web/CController.php(265): CController->runActionWithFilters(Object(CInlineAction), Array)
#12 /Users/puwanaisangphon/Sites/framework/web/CWebApplication.php(282): CController->run('index')
#13 /Users/puwanaisangphon/Sites/framework/web/CWebApplication.php(141): CWebApplication->runController('gii/model/index')
#14 /Users/puwanaisangphon/Sites/framework/base/CApplication.php(185): CWebApplication->processRequest()
#15 /Users/puwanaisangphon/Sites/bbhos/index.php(13): CApplication->run()
#16 {main}
REQUEST_URI=/bbhos/index.php?r=gii/model/index
HTTP_REFERER=http://localhost/bbhos/index.php?r=gii/default/index
---
2020/01/16 04:36:20 [error] [exception.CDbException] CDbException: CDbConnection failed to open the DB connection: SQLSTATE[HY000] [1049] Unknown database 'bbhos' in /Users/puwanaisangphon/Sites/framework/db/CDbConnection.php:399
Stack trace:
#0 /Users/puwanaisangphon/Sites/framework/db/CDbConnection.php(347): CDbConnection->open()
#1 /Users/puwanaisangphon/Sites/framework/db/CDbConnection.php(325): CDbConnection->setActive(true)
#2 /Users/puwanaisangphon/Sites/framework/base/CModule.php(394): CDbConnection->init()
#3 /Users/puwanaisangphon/Sites/framework/base/CModule.php(103): CModule->getComponent('db')
#4 /Users/puwanaisangphon/Sites/framework/gii/generators/model/ModelCode.php(60): CModule->__get('db')
#5 /Users/puwanaisangphon/Sites/framework/web/CFormModel.php(39): ModelCode->init()
#6 /Users/puwanaisangphon/Sites/framework/gii/CCodeGenerator.php(153): CFormModel->__construct()
#7 /Users/puwanaisangphon/Sites/framework/gii/CCodeGenerator.php(63): CCodeGenerator->prepare()
#8 /Users/puwanaisangphon/Sites/framework/web/actions/CInlineAction.php(49): CCodeGenerator->actionIndex()
#9 /Users/puwanaisangphon/Sites/framework/web/CController.php(308): CInlineAction->runWithParams(Array)
#10 /Users/puwanaisangphon/Sites/framework/web/CController.php(286): CController->runAction(Object(CInlineAction))
#11 /Users/puwanaisangphon/Sites/framework/web/CController.php(265): CController->runActionWithFilters(Object(CInlineAction), Array)
#12 /Users/puwanaisangphon/Sites/framework/web/CWebApplication.php(282): CController->run('index')
#13 /Users/puwanaisangphon/Sites/framework/web/CWebApplication.php(141): CWebApplication->runController('gii/model/index')
#14 /Users/puwanaisangphon/Sites/framework/base/CApplication.php(185): CWebApplication->processRequest()
#15 /Users/puwanaisangphon/Sites/bbhos/index.php(13): CApplication->run()
#16 {main}
REQUEST_URI=/bbhos/index.php?r=gii/model/index
HTTP_REFERER=http://localhost/bbhos/index.php?r=gii/default/index
---
